Started GET "/" for 127.0.0.1 at 2021-03-03 08:49:32 +0100
  [1m[35m (1.9ms)[0m  [1m[34mSELECT sqlite_version(*)[0m
Processing by Rails::WelcomeController#index as HTML
  Rendering /home/denis/.rvm/gems/ruby-3.0.0/gems/railties-6.1.3/lib/rails/templates/rails/welcome/index.html.erb
  Rendered /home/denis/.rvm/gems/ruby-3.0.0/gems/railties-6.1.3/lib/rails/templates/rails/welcome/index.html.erb (Duration: 8.6ms | Allocations: 518)
Completed 200 OK in 27ms (Views: 15.9ms | ActiveRecord: 0.0ms | Allocations: 4176)


Started GET "/" for 127.0.0.1 at 2021-03-03 09:02:50 +0100
  [1m[35m (0.3ms)[0m  [1m[34mSELECT sqlite_version(*)[0m
  [1m[35m (23.7ms)[0m  [1m[35mCREATE TABLE "schema_migrations" ("version" varchar NOT NULL PRIMARY KEY)[0m
  [1m[35m (12.1ms)[0m  [1m[35mCREATE TABLE "ar_internal_metadata" ("key" varchar NOT NULL PRIMARY KEY, "value" varchar, "created_at" datetime(6) NOT NULL, "updated_at" datetime(6) NOT NULL)[0m
  [1m[35m (0.1ms)[0m  [1m[34mSELECT "schema_migrations"."version" FROM "schema_migrations" ORDER BY "schema_migrations"."version" ASC[0m
  
ActiveRecord::PendingMigrationError (

Migrations are pending. To resolve this issue, run:

        bin/rails db:migrate RAILS_ENV=development

You have 1 pending migration:

20210303075823_create_bloggers.rb


):
  
activerecord (6.1.3) lib/active_record/migration.rb:625:in `check_pending!'
activerecord (6.1.3) lib/active_record/migration.rb:590:in `block (2 levels) in call'
activesupport (6.1.3) lib/active_support/evented_file_update_checker.rb:59:in `execute'
activerecord (6.1.3) lib/active_record/migration.rb:595:in `block in call'
activerecord (6.1.3) lib/active_record/migration.rb:587:in `synchronize'
activerecord (6.1.3) lib/active_record/migration.rb:587:in `call'
actionpack (6.1.3) lib/action_dispatch/middleware/callbacks.rb:27:in `block in call'
activesupport (6.1.3) lib/active_support/callbacks.rb:98:in `run_callbacks'
actionpack (6.1.3) lib/action_dispatch/middleware/callbacks.rb:26:in `call'
actionpack (6.1.3) lib/action_dispatch/middleware/executor.rb:14:in `call'
actionpack (6.1.3) lib/action_dispatch/middleware/actionable_exceptions.rb:18:in `call'
actionpack (6.1.3) lib/action_dispatch/middleware/debug_exceptions.rb:29:in `call'
web-console (4.1.0) lib/web_console/middleware.rb:132:in `call_app'
web-console (4.1.0) lib/web_console/middleware.rb:28:in `block in call'
web-console (4.1.0) lib/web_console/middleware.rb:17:in `catch'
web-console (4.1.0) lib/web_console/middleware.rb:17:in `call'
actionpack (6.1.3) lib/action_dispatch/middleware/show_exceptions.rb:33:in `call'
railties (6.1.3) lib/rails/rack/logger.rb:37:in `call_app'
railties (6.1.3) lib/rails/rack/logger.rb:26:in `block in call'
activesupport (6.1.3) lib/active_support/tagged_logging.rb:99:in `block in tagged'
activesupport (6.1.3) lib/active_support/tagged_logging.rb:37:in `tagged'
activesupport (6.1.3) lib/active_support/tagged_logging.rb:99:in `tagged'
railties (6.1.3) lib/rails/rack/logger.rb:26:in `call'
sprockets-rails (3.2.2) lib/sprockets/rails/quiet_assets.rb:13:in `call'
actionpack (6.1.3) lib/action_dispatch/middleware/remote_ip.rb:81:in `call'
actionpack (6.1.3) lib/action_dispatch/middleware/request_id.rb:26:in `call'
rack (2.2.3) lib/rack/method_override.rb:24:in `call'
rack (2.2.3) lib/rack/runtime.rb:22:in `call'
activesupport (6.1.3) lib/active_support/cache/strategy/local_cache_middleware.rb:29:in `call'
actionpack (6.1.3) lib/action_dispatch/middleware/executor.rb:14:in `call'
actionpack (6.1.3) lib/action_dispatch/middleware/static.rb:24:in `call'
rack (2.2.3) lib/rack/sendfile.rb:110:in `call'
actionpack (6.1.3) lib/action_dispatch/middleware/host_authorization.rb:98:in `call'
rack-mini-profiler (2.3.1) lib/mini_profiler/profiler.rb:373:in `call'
webpacker (5.2.1) lib/webpacker/dev_server_proxy.rb:25:in `perform_request'
rack-proxy (0.6.5) lib/rack/proxy.rb:57:in `call'
railties (6.1.3) lib/rails/engine.rb:539:in `call'
puma (5.2.2) lib/puma/configuration.rb:248:in `call'
puma (5.2.2) lib/puma/request.rb:76:in `block in handle_request'
puma (5.2.2) lib/puma/thread_pool.rb:337:in `with_force_shutdown'
puma (5.2.2) lib/puma/request.rb:75:in `handle_request'
puma (5.2.2) lib/puma/server.rb:431:in `process_client'
puma (5.2.2) lib/puma/thread_pool.rb:145:in `block in spawn_thread'
  [1m[35m (0.3ms)[0m  [1m[34mSELECT sqlite_version(*)[0m
  [1m[35m (0.1ms)[0m  [1m[34mSELECT "schema_migrations"."version" FROM "schema_migrations" ORDER BY "schema_migrations"."version" ASC[0m
Migrating to CreateBloggers (20210303075823)
  [1m[36mTRANSACTION (0.0ms)[0m  [1m[36mbegin transaction[0m
  [1m[35m (0.2ms)[0m  [1m[35mCREATE TABLE "bloggers" ("id" integer PRIMARY KEY AUTOINCREMENT NOT NULL, "Name" varchar, "ArticleTitle" varchar, "ArticleBody" varchar, "created_at" datetime(6) NOT NULL, "updated_at" datetime(6) NOT NULL)[0m
  [1m[36mActiveRecord::SchemaMigration Create (0.1ms)[0m  [1m[32mINSERT INTO "schema_migrations" ("version") VALUES (?)[0m  [["version", "20210303075823"]]
  [1m[36mTRANSACTION (11.7ms)[0m  [1m[36mcommit transaction[0m
  [1m[36mActiveRecord::InternalMetadata Load (0.1ms)[0m  [1m[34mSELECT "ar_internal_metadata".* FROM "ar_internal_metadata" WHERE "ar_internal_metadata"."key" = ? LIMIT ?[0m  [["key", "environment"], ["LIMIT", 1]]
  [1m[36mTRANSACTION (0.1ms)[0m  [1m[36mbegin transaction[0m
  [1m[36mActiveRecord::InternalMetadata Create (0.2ms)[0m  [1m[32mINSERT INTO "ar_internal_metadata" ("key", "value", "created_at", "updated_at") VALUES (?, ?, ?, ?)[0m  [["key", "environment"], ["value", "development"], ["created_at", "2021-03-03 08:04:37.174565"], ["updated_at", "2021-03-03 08:04:37.174565"]]
  [1m[36mTRANSACTION (12.5ms)[0m  [1m[36mcommit transaction[0m
  [1m[35m (0.0ms)[0m  [1m[34mSELECT sqlite_version(*)[0m
  [1m[35m (0.1ms)[0m  [1m[34mSELECT "schema_migrations"."version" FROM "schema_migrations" ORDER BY "schema_migrations"."version" ASC[0m
Started GET "/" for 127.0.0.1 at 2021-03-03 09:04:49 +0100
  [1m[35m (0.3ms)[0m  [1m[34mSELECT sqlite_version(*)[0m
  [1m[35m (0.2ms)[0m  [1m[34mSELECT "schema_migrations"."version" FROM "schema_migrations" ORDER BY "schema_migrations"."version" ASC[0m
Processing by BloggersController#index as HTML
  Rendering layout layouts/application.html.erb
  Rendering bloggers/index.html.erb within layouts/application
  [1m[36mBlogger Load (0.2ms)[0m  [1m[34mSELECT "bloggers".* FROM "bloggers"[0m
  ↳ app/views/bloggers/index.html.erb:16
  Rendered bloggers/index.html.erb within layouts/application (Duration: 2.6ms | Allocations: 1372)
[Webpacker] Compiling...
[Webpacker] Compiled all packs in /home/denis/rubyBlog/rails-blog/blog/public/packs
[Webpacker] Hash: e332c6419728fac579d5
Version: webpack 4.46.0
Time: 1515ms
Built at: 03/03/2021 9:04:53 AM
                                     Asset       Size       Chunks                         Chunk Names
    js/application-f826770d917d8a37c1d8.js    125 KiB  application  [emitted] [immutable]  application
js/application-f826770d917d8a37c1d8.js.map    139 KiB  application  [emitted] [dev]        application
                             manifest.json  364 bytes               [emitted]              
Entrypoint application = js/application-f826770d917d8a37c1d8.js js/application-f826770d917d8a37c1d8.js.map
[./app/javascript/channels sync recursive _channel\.js$] ./app/javascript/channels sync _channel\.js$ 160 bytes {application} [built]
[./app/javascript/channels/index.js] 211 bytes {application} [built]
[./app/javascript/packs/application.js] 492 bytes {application} [built]
[./node_modules/webpack/buildin/module.js] (webpack)/buildin/module.js 552 bytes {application} [built]
    + 3 hidden modules

  Rendered layout layouts/application.html.erb (Duration: 3255.1ms | Allocations: 18541)
Completed 200 OK in 3269ms (Views: 3261.4ms | ActiveRecord: 0.2ms | Allocations: 22110)


Started GET "/bloggers/new" for 127.0.0.1 at 2021-03-03 09:05:35 +0100
Processing by BloggersController#new as HTML
  Rendering layout layouts/application.html.erb
  Rendering bloggers/new.html.erb within layouts/application
  Rendered bloggers/_form.html.erb (Duration: 12.6ms | Allocations: 7311)
  Rendered bloggers/new.html.erb within layouts/application (Duration: 13.5ms | Allocations: 7684)
[Webpacker] Everything's up-to-date. Nothing to do
  Rendered layout layouts/application.html.erb (Duration: 16.7ms | Allocations: 10485)
Completed 200 OK in 35ms (Views: 17.0ms | ActiveRecord: 0.6ms | Allocations: 14575)


Started POST "/bloggers" for 127.0.0.1 at 2021-03-03 09:06:02 +0100
Processing by BloggersController#create as HTML
  Parameters: {"authenticity_token"=>"[FILTERED]", "blogger"=>{"Name"=>"denis", "ArticleTitle"=>"hello world", "ArticleBody"=>"i didn t understand a lot"}, "commit"=>"Create Blogger"}
  [1m[36mTRANSACTION (0.1ms)[0m  [1m[36mbegin transaction[0m
  ↳ app/controllers/bloggers_controller.rb:27:in `block in create'
  [1m[36mBlogger Create (0.3ms)[0m  [1m[32mINSERT INTO "bloggers" ("Name", "ArticleTitle", "ArticleBody", "created_at", "updated_at") VALUES (?, ?, ?, ?, ?)[0m  [["Name", "denis"], ["ArticleTitle", "hello world"], ["ArticleBody", "i didn t understand a lot"], ["created_at", "2021-03-03 08:06:02.066762"], ["updated_at", "2021-03-03 08:06:02.066762"]]
  ↳ app/controllers/bloggers_controller.rb:27:in `block in create'
  [1m[36mTRANSACTION (15.3ms)[0m  [1m[36mcommit transaction[0m
  ↳ app/controllers/bloggers_controller.rb:27:in `block in create'
Redirected to http://127.0.0.1:3000/bloggers/1
Completed 302 Found in 24ms (ActiveRecord: 15.7ms | Allocations: 5476)


Started GET "/bloggers/1" for 127.0.0.1 at 2021-03-03 09:06:02 +0100
Processing by BloggersController#show as HTML
  Parameters: {"id"=>"1"}
  [1m[36mBlogger Load (0.1ms)[0m  [1m[34mSELECT "bloggers".* FROM "bloggers" WHERE "bloggers"."id" = ? LIMIT ?[0m  [["id", 1], ["LIMIT", 1]]
  ↳ app/controllers/bloggers_controller.rb:62:in `set_blogger'
  Rendering layout layouts/application.html.erb
  Rendering bloggers/show.html.erb within layouts/application
  Rendered bloggers/show.html.erb within layouts/application (Duration: 0.8ms | Allocations: 305)
[Webpacker] Everything's up-to-date. Nothing to do
  Rendered layout layouts/application.html.erb (Duration: 4.4ms | Allocations: 3215)
Completed 200 OK in 7ms (Views: 4.8ms | ActiveRecord: 0.1ms | Allocations: 4924)


Started GET "/bloggers" for 127.0.0.1 at 2021-03-03 09:06:09 +0100
Processing by BloggersController#index as HTML
  Rendering layout layouts/application.html.erb
  Rendering bloggers/index.html.erb within layouts/application
  [1m[36mBlogger Load (0.1ms)[0m  [1m[34mSELECT "bloggers".* FROM "bloggers"[0m
  ↳ app/views/bloggers/index.html.erb:16
  Rendered bloggers/index.html.erb within layouts/application (Duration: 2.6ms | Allocations: 841)
[Webpacker] Everything's up-to-date. Nothing to do
  Rendered layout layouts/application.html.erb (Duration: 7.9ms | Allocations: 3748)
Completed 200 OK in 9ms (Views: 8.4ms | ActiveRecord: 0.1ms | Allocations: 4219)


Started GET "/bloggers/new" for 127.0.0.1 at 2021-03-03 09:08:08 +0100
Processing by BloggersController#new as HTML
  Rendering layout layouts/application.html.erb
  Rendering bloggers/new.html.erb within layouts/application
  Rendered bloggers/_form.html.erb (Duration: 1.8ms | Allocations: 846)
  Rendered bloggers/new.html.erb within layouts/application (Duration: 2.1ms | Allocations: 959)
[Webpacker] Everything's up-to-date. Nothing to do
  Rendered layout layouts/application.html.erb (Duration: 6.9ms | Allocations: 3849)
Completed 200 OK in 8ms (Views: 7.5ms | ActiveRecord: 0.0ms | Allocations: 4313)


Started POST "/bloggers" for 127.0.0.1 at 2021-03-03 09:08:13 +0100
Processing by BloggersController#create as HTML
  Parameters: {"authenticity_token"=>"[FILTERED]", "blogger"=>{"Name"=>"dada", "ArticleTitle"=>"dadada", "ArticleBody"=>"daadda"}, "commit"=>"Create Blogger"}
  [1m[36mTRANSACTION (0.1ms)[0m  [1m[36mbegin transaction[0m
  ↳ app/controllers/bloggers_controller.rb:27:in `block in create'
  [1m[36mBlogger Create (0.3ms)[0m  [1m[32mINSERT INTO "bloggers" ("Name", "ArticleTitle", "ArticleBody", "created_at", "updated_at") VALUES (?, ?, ?, ?, ?)[0m  [["Name", "dada"], ["ArticleTitle", "dadada"], ["ArticleBody", "daadda"], ["created_at", "2021-03-03 08:08:13.876455"], ["updated_at", "2021-03-03 08:08:13.876455"]]
  ↳ app/controllers/bloggers_controller.rb:27:in `block in create'
  [1m[36mTRANSACTION (19.3ms)[0m  [1m[36mcommit transaction[0m
  ↳ app/controllers/bloggers_controller.rb:27:in `block in create'
Redirected to http://127.0.0.1:3000/bloggers/2
Completed 302 Found in 28ms (ActiveRecord: 19.7ms | Allocations: 4635)


Started GET "/bloggers/2" for 127.0.0.1 at 2021-03-03 09:08:13 +0100
Processing by BloggersController#show as HTML
  Parameters: {"id"=>"2"}
  [1m[36mBlogger Load (0.1ms)[0m  [1m[34mSELECT "bloggers".* FROM "bloggers" WHERE "bloggers"."id" = ? LIMIT ?[0m  [["id", 2], ["LIMIT", 1]]
  ↳ app/controllers/bloggers_controller.rb:62:in `set_blogger'
  Rendering layout layouts/application.html.erb
  Rendering bloggers/show.html.erb within layouts/application
  Rendered bloggers/show.html.erb within layouts/application (Duration: 0.2ms | Allocations: 113)
[Webpacker] Everything's up-to-date. Nothing to do
  Rendered layout layouts/application.html.erb (Duration: 3.6ms | Allocations: 3017)
Completed 200 OK in 6ms (Views: 4.1ms | ActiveRecord: 0.1ms | Allocations: 4029)


Started GET "/bloggers/2/edit" for 127.0.0.1 at 2021-03-03 09:08:20 +0100
Processing by BloggersController#edit as HTML
  Parameters: {"id"=>"2"}
  [1m[36mBlogger Load (0.1ms)[0m  [1m[34mSELECT "bloggers".* FROM "bloggers" WHERE "bloggers"."id" = ? LIMIT ?[0m  [["id", 2], ["LIMIT", 1]]
  ↳ app/controllers/bloggers_controller.rb:62:in `set_blogger'
  Rendering layout layouts/application.html.erb
  Rendering bloggers/edit.html.erb within layouts/application
  Rendered bloggers/_form.html.erb (Duration: 2.4ms | Allocations: 910)
  Rendered bloggers/edit.html.erb within layouts/application (Duration: 3.4ms | Allocations: 1172)
[Webpacker] Everything's up-to-date. Nothing to do
  Rendered layout layouts/application.html.erb (Duration: 8.4ms | Allocations: 4062)
Completed 200 OK in 12ms (Views: 9.0ms | ActiveRecord: 0.1ms | Allocations: 5194)


Started PATCH "/bloggers/2" for 127.0.0.1 at 2021-03-03 09:08:23 +0100
Processing by BloggersController#update as HTML
  Parameters: {"authenticity_token"=>"[FILTERED]", "blogger"=>{"Name"=>"dada", "ArticleTitle"=>"dadadassss", "ArticleBody"=>"daadda"}, "commit"=>"Update Blogger", "id"=>"2"}
  [1m[36mBlogger Load (0.1ms)[0m  [1m[34mSELECT "bloggers".* FROM "bloggers" WHERE "bloggers"."id" = ? LIMIT ?[0m  [["id", 2], ["LIMIT", 1]]
  ↳ app/controllers/bloggers_controller.rb:62:in `set_blogger'
  [1m[36mTRANSACTION (0.0ms)[0m  [1m[36mbegin transaction[0m
  ↳ app/controllers/bloggers_controller.rb:40:in `block in update'
  [1m[36mBlogger Update (0.1ms)[0m  [1m[33mUPDATE "bloggers" SET "ArticleTitle" = ?, "updated_at" = ? WHERE "bloggers"."id" = ?[0m  [["ArticleTitle", "dadadassss"], ["updated_at", "2021-03-03 08:08:23.555000"], ["id", 2]]
  ↳ app/controllers/bloggers_controller.rb:40:in `block in update'
  [1m[36mTRANSACTION (16.9ms)[0m  [1m[36mcommit transaction[0m
  ↳ app/controllers/bloggers_controller.rb:40:in `block in update'
Redirected to http://127.0.0.1:3000/bloggers/2
Completed 302 Found in 24ms (ActiveRecord: 17.2ms | Allocations: 5356)


Started GET "/bloggers/2" for 127.0.0.1 at 2021-03-03 09:08:23 +0100
Processing by BloggersController#show as HTML
  Parameters: {"id"=>"2"}
  [1m[36mBlogger Load (0.1ms)[0m  [1m[34mSELECT "bloggers".* FROM "bloggers" WHERE "bloggers"."id" = ? LIMIT ?[0m  [["id", 2], ["LIMIT", 1]]
  ↳ app/controllers/bloggers_controller.rb:62:in `set_blogger'
  Rendering layout layouts/application.html.erb
  Rendering bloggers/show.html.erb within layouts/application
  Rendered bloggers/show.html.erb within layouts/application (Duration: 0.3ms | Allocations: 113)
[Webpacker] Everything's up-to-date. Nothing to do
  Rendered layout layouts/application.html.erb (Duration: 3.8ms | Allocations: 3015)
Completed 200 OK in 6ms (Views: 4.3ms | ActiveRecord: 0.1ms | Allocations: 4022)


Started GET "/bloggers" for 127.0.0.1 at 2021-03-03 09:08:26 +0100
Processing by BloggersController#index as HTML
  Rendering layout layouts/application.html.erb
  Rendering bloggers/index.html.erb within layouts/application
  [1m[36mBlogger Load (0.1ms)[0m  [1m[34mSELECT "bloggers".* FROM "bloggers"[0m
  ↳ app/views/bloggers/index.html.erb:16
  Rendered bloggers/index.html.erb within layouts/application (Duration: 2.4ms | Allocations: 935)
[Webpacker] Everything's up-to-date. Nothing to do
  Rendered layout layouts/application.html.erb (Duration: 6.4ms | Allocations: 3837)
Completed 200 OK in 7ms (Views: 6.7ms | ActiveRecord: 0.1ms | Allocations: 4298)


Started GET "/bloggers/2/edit" for 127.0.0.1 at 2021-03-03 09:08:34 +0100
Processing by BloggersController#edit as HTML
  Parameters: {"id"=>"2"}
  [1m[36mBlogger Load (0.1ms)[0m  [1m[34mSELECT "bloggers".* FROM "bloggers" WHERE "bloggers"."id" = ? LIMIT ?[0m  [["id", 2], ["LIMIT", 1]]
  ↳ app/controllers/bloggers_controller.rb:62:in `set_blogger'
  Rendering layout layouts/application.html.erb
  Rendering bloggers/edit.html.erb within layouts/application
  Rendered bloggers/_form.html.erb (Duration: 1.8ms | Allocations: 882)
  Rendered bloggers/edit.html.erb within layouts/application (Duration: 2.1ms | Allocations: 1022)
[Webpacker] Everything's up-to-date. Nothing to do
  Rendered layout layouts/application.html.erb (Duration: 5.6ms | Allocations: 3912)
Completed 200 OK in 8ms (Views: 6.0ms | ActiveRecord: 0.1ms | Allocations: 4914)


Started GET "/bloggers" for 127.0.0.1 at 2021-03-03 09:08:37 +0100
Processing by BloggersController#index as HTML
  Rendering layout layouts/application.html.erb
  Rendering bloggers/index.html.erb within layouts/application
  [1m[36mBlogger Load (0.1ms)[0m  [1m[34mSELECT "bloggers".* FROM "bloggers"[0m
  ↳ app/views/bloggers/index.html.erb:16
  Rendered bloggers/index.html.erb within layouts/application (Duration: 2.9ms | Allocations: 934)
[Webpacker] Everything's up-to-date. Nothing to do
  Rendered layout layouts/application.html.erb (Duration: 8.4ms | Allocations: 3836)
Completed 200 OK in 10ms (Views: 8.8ms | ActiveRecord: 0.1ms | Allocations: 4297)


Started GET "/bloggers" for 127.0.0.1 at 2021-03-03 09:14:31 +0100
Processing by BloggersController#index as HTML
  Rendering layout layouts/application.html.erb
  Rendering bloggers/index.html.erb within layouts/application
  [1m[35m (0.1ms)[0m  [1m[34mSELECT sqlite_version(*)[0m
  ↳ app/views/bloggers/index.html.erb:16
  [1m[36mBlogger Load (0.1ms)[0m  [1m[34mSELECT "bloggers".* FROM "bloggers"[0m
  ↳ app/views/bloggers/index.html.erb:16
  Rendered bloggers/index.html.erb within layouts/application (Duration: 3.5ms | Allocations: 1658)
[Webpacker] Everything's up-to-date. Nothing to do
  Rendered layout layouts/application.html.erb (Duration: 22.0ms | Allocations: 12640)
Completed 200 OK in 24ms (Views: 22.8ms | ActiveRecord: 0.5ms | Allocations: 13105)


Started GET "/bloggers/new" for 127.0.0.1 at 2021-03-03 09:14:37 +0100
Processing by BloggersController#new as HTML
  Rendering layout layouts/application.html.erb
  Rendering bloggers/new.html.erb within layouts/application
  Rendered bloggers/_form.html.erb (Duration: 2.1ms | Allocations: 846)
  Rendered bloggers/new.html.erb within layouts/application (Duration: 2.4ms | Allocations: 959)
[Webpacker] Everything's up-to-date. Nothing to do
  Rendered layout layouts/application.html.erb (Duration: 8.2ms | Allocations: 3860)
Completed 200 OK in 10ms (Views: 8.8ms | ActiveRecord: 0.0ms | Allocations: 4326)


Started GET "/bloggers" for 127.0.0.1 at 2021-03-03 09:15:29 +0100
Processing by BloggersController#index as HTML
  Rendering layout layouts/application.html.erb
  Rendering bloggers/index.html.erb within layouts/application
  [1m[36mBlogger Load (0.1ms)[0m  [1m[34mSELECT "bloggers".* FROM "bloggers"[0m
  ↳ app/views/bloggers/index.html.erb:16
  Rendered bloggers/index.html.erb within layouts/application (Duration: 2.9ms | Allocations: 934)
[Webpacker] Everything's up-to-date. Nothing to do
  Rendered layout layouts/application.html.erb (Duration: 8.9ms | Allocations: 3838)
Completed 200 OK in 11ms (Views: 9.6ms | ActiveRecord: 0.1ms | Allocations: 4300)


Started GET "/bloggers" for 127.0.0.1 at 2021-03-03 09:16:37 +0100
Processing by BloggersController#index as HTML
  Rendering layout layouts/application.html.erb
  Rendering bloggers/index.html.erb within layouts/application
  [1m[36mBlogger Load (0.1ms)[0m  [1m[34mSELECT "bloggers".* FROM "bloggers"[0m
  ↳ app/views/bloggers/index.html.erb:16
  Rendered bloggers/index.html.erb within layouts/application (Duration: 1.8ms | Allocations: 1221)
[Webpacker] Everything's up-to-date. Nothing to do
  Rendered layout layouts/application.html.erb (Duration: 6.3ms | Allocations: 4363)
Completed 200 OK in 9ms (Views: 7.5ms | ActiveRecord: 0.1ms | Allocations: 5602)


Started GET "/bloggers" for 127.0.0.1 at 2021-03-03 09:16:56 +0100
Processing by BloggersController#index as HTML
  Rendering layout layouts/application.html.erb
  Rendering bloggers/index.html.erb within layouts/application
  [1m[36mBlogger Load (0.1ms)[0m  [1m[34mSELECT "bloggers".* FROM "bloggers"[0m
  ↳ app/views/bloggers/index.html.erb:16
  Rendered bloggers/index.html.erb within layouts/application (Duration: 1.7ms | Allocations: 934)
[Webpacker] Everything's up-to-date. Nothing to do
  Rendered layout layouts/application.html.erb (Duration: 5.4ms | Allocations: 3841)
Completed 200 OK in 6ms (Views: 5.7ms | ActiveRecord: 0.1ms | Allocations: 4300)


Started GET "/bloggers" for 127.0.0.1 at 2021-03-03 09:16:57 +0100
Processing by BloggersController#index as HTML
  Rendering layout layouts/application.html.erb
  Rendering bloggers/index.html.erb within layouts/application
  [1m[36mBlogger Load (0.1ms)[0m  [1m[34mSELECT "bloggers".* FROM "bloggers"[0m
  ↳ app/views/bloggers/index.html.erb:16
  Rendered bloggers/index.html.erb within layouts/application (Duration: 1.5ms | Allocations: 934)
[Webpacker] Everything's up-to-date. Nothing to do
  Rendered layout layouts/application.html.erb (Duration: 5.5ms | Allocations: 3838)
Completed 200 OK in 6ms (Views: 5.8ms | ActiveRecord: 0.1ms | Allocations: 4296)


Started GET "/bloggers" for 127.0.0.1 at 2021-03-03 09:16:57 +0100
Processing by BloggersController#index as HTML
  Rendering layout layouts/application.html.erb
  Rendering bloggers/index.html.erb within layouts/application
  [1m[36mBlogger Load (0.1ms)[0m  [1m[34mSELECT "bloggers".* FROM "bloggers"[0m
  ↳ app/views/bloggers/index.html.erb:16
  Rendered bloggers/index.html.erb within layouts/application (Duration: 2.3ms | Allocations: 934)
[Webpacker] Everything's up-to-date. Nothing to do
  Rendered layout layouts/application.html.erb (Duration: 6.6ms | Allocations: 3838)
Completed 200 OK in 8ms (Views: 7.3ms | ActiveRecord: 0.1ms | Allocations: 4296)


Started GET "/bloggers" for 127.0.0.1 at 2021-03-03 09:16:57 +0100
Processing by BloggersController#index as HTML
  Rendering layout layouts/application.html.erb
  Rendering bloggers/index.html.erb within layouts/application
  [1m[36mBlogger Load (0.1ms)[0m  [1m[34mSELECT "bloggers".* FROM "bloggers"[0m
  ↳ app/views/bloggers/index.html.erb:16
  Rendered bloggers/index.html.erb within layouts/application (Duration: 1.4ms | Allocations: 934)
[Webpacker] Everything's up-to-date. Nothing to do
  Rendered layout layouts/application.html.erb (Duration: 5.4ms | Allocations: 3838)
Completed 200 OK in 6ms (Views: 5.7ms | ActiveRecord: 0.1ms | Allocations: 4296)


Started GET "/bloggers" for 127.0.0.1 at 2021-03-03 09:16:58 +0100
Processing by BloggersController#index as HTML
  Rendering layout layouts/application.html.erb
  Rendering bloggers/index.html.erb within layouts/application
  [1m[36mBlogger Load (0.1ms)[0m  [1m[34mSELECT "bloggers".* FROM "bloggers"[0m
  ↳ app/views/bloggers/index.html.erb:16
  Rendered bloggers/index.html.erb within layouts/application (Duration: 1.4ms | Allocations: 934)
[Webpacker] Everything's up-to-date. Nothing to do
  Rendered layout layouts/application.html.erb (Duration: 4.5ms | Allocations: 3838)
Completed 200 OK in 5ms (Views: 4.7ms | ActiveRecord: 0.1ms | Allocations: 4296)


Started GET "/bloggers" for 127.0.0.1 at 2021-03-03 09:29:30 +0100
  [1m[35m (0.3ms)[0m  [1m[34mSELECT sqlite_version(*)[0m
  [1m[35m (0.2ms)[0m  [1m[34mSELECT "schema_migrations"."version" FROM "schema_migrations" ORDER BY "schema_migrations"."version" ASC[0m
Processing by BloggersController#index as HTML
  Rendering layout layouts/application.html.erb
  Rendering bloggers/index.html.erb within layouts/application
  [1m[36mBlogger Load (0.2ms)[0m  [1m[34mSELECT "bloggers".* FROM "bloggers"[0m
  ↳ app/views/bloggers/index.html.erb:16
  Rendered bloggers/index.html.erb within layouts/application (Duration: 9.5ms | Allocations: 5151)
[Webpacker] Everything's up-to-date. Nothing to do
  Rendered layout layouts/application.html.erb (Duration: 30.5ms | Allocations: 14596)
Completed 200 OK in 45ms (Views: 33.3ms | ActiveRecord: 0.9ms | Allocations: 18264)


Started GET "/bloggers/new" for 127.0.0.1 at 2021-03-03 09:29:34 +0100
Processing by BloggersController#new as HTML
  Rendering layout layouts/application.html.erb
  Rendering bloggers/new.html.erb within layouts/application
  Rendered bloggers/_form.html.erb (Duration: 5.3ms | Allocations: 2961)
  Rendered bloggers/new.html.erb within layouts/application (Duration: 6.3ms | Allocations: 3330)
[Webpacker] Everything's up-to-date. Nothing to do
  Rendered layout layouts/application.html.erb (Duration: 10.7ms | Allocations: 6208)
Completed 200 OK in 12ms (Views: 11.2ms | ActiveRecord: 0.0ms | Allocations: 6843)


Started POST "/bloggers" for 127.0.0.1 at 2021-03-03 09:29:38 +0100
Processing by BloggersController#create as HTML
  Parameters: {"authenticity_token"=>"[FILTERED]", "blogger"=>{"Name"=>"ffffff", "ArticleTitle"=>"ffffffffffffffff", "ArticleBody"=>"fffffffffffffff"}, "commit"=>"Create Blogger"}
  [1m[36mTRANSACTION (0.1ms)[0m  [1m[36mbegin transaction[0m
  ↳ app/controllers/bloggers_controller.rb:27:in `block in create'
  [1m[36mBlogger Create (0.3ms)[0m  [1m[32mINSERT INTO "bloggers" ("Name", "ArticleTitle", "ArticleBody", "created_at", "updated_at") VALUES (?, ?, ?, ?, ?)[0m  [["Name", "ffffff"], ["ArticleTitle", "ffffffffffffffff"], ["ArticleBody", "fffffffffffffff"], ["created_at", "2021-03-03 08:29:38.612890"], ["updated_at", "2021-03-03 08:29:38.612890"]]
  ↳ app/controllers/bloggers_controller.rb:27:in `block in create'
  [1m[36mTRANSACTION (14.6ms)[0m  [1m[36mcommit transaction[0m
  ↳ app/controllers/bloggers_controller.rb:27:in `block in create'
Redirected to http://127.0.0.1:3000/bloggers/3
Completed 302 Found in 86ms (ActiveRecord: 15.0ms | Allocations: 5367)


Started GET "/bloggers/3" for 127.0.0.1 at 2021-03-03 09:29:38 +0100
Processing by BloggersController#show as HTML
  Parameters: {"id"=>"3"}
  [1m[36mBlogger Load (0.1ms)[0m  [1m[34mSELECT "bloggers".* FROM "bloggers" WHERE "bloggers"."id" = ? LIMIT ?[0m  [["id", 3], ["LIMIT", 1]]
  ↳ app/controllers/bloggers_controller.rb:62:in `set_blogger'
  Rendering layout layouts/application.html.erb
  Rendering bloggers/show.html.erb within layouts/application
  Rendered bloggers/show.html.erb within layouts/application (Duration: 0.7ms | Allocations: 294)
[Webpacker] Everything's up-to-date. Nothing to do
  Rendered layout layouts/application.html.erb (Duration: 4.1ms | Allocations: 3193)
Completed 200 OK in 7ms (Views: 4.5ms | ActiveRecord: 0.1ms | Allocations: 4881)


Started GET "/bloggers" for 127.0.0.1 at 2021-03-03 09:29:40 +0100
Processing by BloggersController#index as HTML
  Rendering layout layouts/application.html.erb
  Rendering bloggers/index.html.erb within layouts/application
  [1m[36mBlogger Load (0.2ms)[0m  [1m[34mSELECT "bloggers".* FROM "bloggers"[0m
  ↳ app/views/bloggers/index.html.erb:16
  Rendered bloggers/index.html.erb within layouts/application (Duration: 4.4ms | Allocations: 1047)
[Webpacker] Everything's up-to-date. Nothing to do
  Rendered layout layouts/application.html.erb (Duration: 11.8ms | Allocations: 3943)
Completed 200 OK in 13ms (Views: 12.3ms | ActiveRecord: 0.2ms | Allocations: 4415)


Started GET "/" for ::1 at 2021-03-03 11:55:33 +0300
  [1m[35m (10.4ms)[0m  [1m[34mSELECT sqlite_version(*)[0m
  [1m[35m (0.3ms)[0m  [1m[34mSELECT "schema_migrations"."version" FROM "schema_migrations" ORDER BY "schema_migrations"."version" ASC[0m
Processing by BloggersController#index as HTML
  Rendering layout layouts/application.html.erb
  Rendering bloggers/index.html.erb within layouts/application
  [1m[36mBlogger Load (0.5ms)[0m  [1m[34mSELECT "bloggers".* FROM "bloggers"[0m
  ↳ app/views/bloggers/index.html.erb:16
  Rendered bloggers/index.html.erb within layouts/application (Duration: 24.8ms | Allocations: 5387)
[Webpacker] Compiling...
[Webpacker] Compilation failed:
C:/Ruby30-x64/lib/ruby/gems/3.0.0/gems/webpacker-5.2.1/lib/webpacker/webpack_runner.rb:23:in `exec': No such file or directory - C:\\Users\\DELL 5470\\Desktop\\Vlog\\rails-blog\\node_modules\\.bin/webpack (Errno::ENOENT)
	from C:/Ruby30-x64/lib/ruby/gems/3.0.0/gems/webpacker-5.2.1/lib/webpacker/webpack_runner.rb:23:in `block in run'
	from C:/Ruby30-x64/lib/ruby/gems/3.0.0/gems/webpacker-5.2.1/lib/webpacker/webpack_runner.rb:22:in `chdir'
	from C:/Ruby30-x64/lib/ruby/gems/3.0.0/gems/webpacker-5.2.1/lib/webpacker/webpack_runner.rb:22:in `run'
	from C:/Ruby30-x64/lib/ruby/gems/3.0.0/gems/webpacker-5.2.1/lib/webpacker/runner.rb:6:in `run'
	from ./bin/webpack:17:in `block in <main>'
	from ./bin/webpack:16:in `chdir'
	from ./bin/webpack:16:in `<main>'

  Rendered layout layouts/application.html.erb (Duration: 3795.0ms | Allocations: 68512)
Completed 200 OK in 3905ms (Views: 3833.5ms | ActiveRecord: 3.7ms | Allocations: 73350)


Started GET "/" for ::1 at 2021-03-03 11:57:47 +0300
Processing by BloggersController#index as HTML
  Rendering layout layouts/application.html.erb
  Rendering bloggers/index.html.erb within layouts/application
  [1m[36mBlogger Load (1.5ms)[0m  [1m[34mSELECT "bloggers".* FROM "bloggers"[0m
  ↳ app/views/bloggers/index.html.erb:16
  Rendered bloggers/index.html.erb within layouts/application (Duration: 14.0ms | Allocations: 1328)
[Webpacker] Everything's up-to-date. Nothing to do
  Rendered layout layouts/application.html.erb (Duration: 58.9ms | Allocations: 5300)
Completed 200 OK in 70ms (Views: 66.0ms | ActiveRecord: 1.5ms | Allocations: 6552)


Started GET "/" for ::1 at 2021-03-03 11:59:54 +0300
Processing by BloggersController#index as HTML
  Rendering layout layouts/application.html.erb
  Rendering bloggers/index.html.erb within layouts/application
  [1m[36mBlogger Load (0.7ms)[0m  [1m[34mSELECT "bloggers".* FROM "bloggers"[0m
  ↳ app/views/bloggers/index.html.erb:16
  Rendered bloggers/index.html.erb within layouts/application (Duration: 9.7ms | Allocations: 1334)
[Webpacker] Everything's up-to-date. Nothing to do
  Rendered bloggers/_header.html.erb (Duration: 0.7ms | Allocations: 146)
  Rendered layout layouts/application.html.erb (Duration: 58.4ms | Allocations: 5682)
Completed 200 OK in 70ms (Views: 65.1ms | ActiveRecord: 0.7ms | Allocations: 6919)


Started GET "/" for ::1 at 2021-03-03 12:01:45 +0300
Processing by BloggersController#index as HTML
  Rendering layout layouts/application.html.erb
  Rendering bloggers/index.html.erb within layouts/application
  [1m[36mBlogger Load (0.3ms)[0m  [1m[34mSELECT "bloggers".* FROM "bloggers"[0m
  ↳ app/views/bloggers/index.html.erb:16
  Rendered bloggers/index.html.erb within layouts/application (Duration: 4.8ms | Allocations: 1333)
[Webpacker] Everything's up-to-date. Nothing to do
  Rendered bloggers/_header.html.erb (Duration: 0.7ms | Allocations: 125)
  Rendered layout layouts/application.html.erb (Duration: 58.8ms | Allocations: 5638)
Completed 200 OK in 73ms (Views: 69.6ms | ActiveRecord: 0.3ms | Allocations: 6874)


Started GET "/" for ::1 at 2021-03-03 12:02:19 +0300
Processing by BloggersController#index as HTML
  Rendering layout layouts/application.html.erb
  Rendering bloggers/index.html.erb within layouts/application
  [1m[36mBlogger Load (0.7ms)[0m  [1m[34mSELECT "bloggers".* FROM "bloggers"[0m
  ↳ app/views/bloggers/index.html.erb:16
  Rendered bloggers/index.html.erb within layouts/application (Duration: 11.3ms | Allocations: 1333)
[Webpacker] Everything's up-to-date. Nothing to do
  Rendered bloggers/_header.html.erb (Duration: 0.5ms | Allocations: 125)
  Rendered layout layouts/application.html.erb (Duration: 60.7ms | Allocations: 5638)
Completed 200 OK in 70ms (Views: 66.6ms | ActiveRecord: 0.7ms | Allocations: 6874)


Started GET "/bloggers/2" for ::1 at 2021-03-03 12:02:25 +0300
Processing by BloggersController#show as HTML
  Parameters: {"id"=>"2"}
  [1m[36mBlogger Load (0.3ms)[0m  [1m[34mSELECT "bloggers".* FROM "bloggers" WHERE "bloggers"."id" = ? LIMIT ?[0m  [["id", 2], ["LIMIT", 1]]
  ↳ app/controllers/bloggers_controller.rb:62:in `set_blogger'
  Rendering layout layouts/application.html.erb
  Rendering bloggers/show.html.erb within layouts/application
  Rendered bloggers/show.html.erb within layouts/application (Duration: 1.5ms | Allocations: 308)
[Webpacker] Everything's up-to-date. Nothing to do
  Rendered bloggers/_header.html.erb (Duration: 0.1ms | Allocations: 41)
  Rendered layout layouts/application.html.erb (Duration: 45.2ms | Allocations: 4031)
Completed 200 OK in 121ms (Views: 47.3ms | ActiveRecord: 0.3ms | Allocations: 13552)


Started GET "/bloggers/2" for ::1 at 2021-03-03 12:02:47 +0300
Processing by BloggersController#show as HTML
  Parameters: {"id"=>"2"}
  [1m[36mBlogger Load (0.4ms)[0m  [1m[34mSELECT "bloggers".* FROM "bloggers" WHERE "bloggers"."id" = ? LIMIT ?[0m  [["id", 2], ["LIMIT", 1]]
  ↳ app/controllers/bloggers_controller.rb:62:in `set_blogger'
  Rendering layout layouts/application.html.erb
  Rendering bloggers/show.html.erb within layouts/application
  Rendered bloggers/show.html.erb within layouts/application (Duration: 0.7ms | Allocations: 112)
[Webpacker] Everything's up-to-date. Nothing to do
  Rendered bloggers/_header.html.erb (Duration: 0.1ms | Allocations: 41)
  Rendered layout layouts/application.html.erb (Duration: 54.5ms | Allocations: 4021)
Completed 200 OK in 67ms (Views: 58.7ms | ActiveRecord: 0.4ms | Allocations: 5048)


Started GET "/bloggers/2" for ::1 at 2021-03-03 12:02:48 +0300
Processing by BloggersController#show as HTML
  Parameters: {"id"=>"2"}
  [1m[36mBlogger Load (0.3ms)[0m  [1m[34mSELECT "bloggers".* FROM "bloggers" WHERE "bloggers"."id" = ? LIMIT ?[0m  [["id", 2], ["LIMIT", 1]]
  ↳ app/controllers/bloggers_controller.rb:62:in `set_blogger'
  Rendering layout layouts/application.html.erb
  Rendering bloggers/show.html.erb within layouts/application
  Rendered bloggers/show.html.erb within layouts/application (Duration: 0.4ms | Allocations: 112)
[Webpacker] Everything's up-to-date. Nothing to do
  Rendered bloggers/_header.html.erb (Duration: 0.1ms | Allocations: 41)
  Rendered layout layouts/application.html.erb (Duration: 41.2ms | Allocations: 3884)
Completed 200 OK in 47ms (Views: 42.7ms | ActiveRecord: 0.3ms | Allocations: 4881)


Started GET "/bloggers/2" for ::1 at 2021-03-03 12:02:49 +0300
Processing by BloggersController#show as HTML
  Parameters: {"id"=>"2"}
  [1m[36mBlogger Load (0.3ms)[0m  [1m[34mSELECT "bloggers".* FROM "bloggers" WHERE "bloggers"."id" = ? LIMIT ?[0m  [["id", 2], ["LIMIT", 1]]
  ↳ app/controllers/bloggers_controller.rb:62:in `set_blogger'
  Rendering layout layouts/application.html.erb
  Rendering bloggers/show.html.erb within layouts/application
  Rendered bloggers/show.html.erb within layouts/application (Duration: 0.5ms | Allocations: 112)
[Webpacker] Everything's up-to-date. Nothing to do
  Rendered bloggers/_header.html.erb (Duration: 0.1ms | Allocations: 41)
  Rendered layout layouts/application.html.erb (Duration: 45.2ms | Allocations: 3884)
Completed 200 OK in 52ms (Views: 48.3ms | ActiveRecord: 0.3ms | Allocations: 4882)


Started GET "/bloggers/2" for ::1 at 2021-03-03 12:02:50 +0300
Processing by BloggersController#show as HTML
  Parameters: {"id"=>"2"}
  [1m[36mBlogger Load (0.4ms)[0m  [1m[34mSELECT "bloggers".* FROM "bloggers" WHERE "bloggers"."id" = ? LIMIT ?[0m  [["id", 2], ["LIMIT", 1]]
  ↳ app/controllers/bloggers_controller.rb:62:in `set_blogger'
  Rendering layout layouts/application.html.erb
  Rendering bloggers/show.html.erb within layouts/application
  Rendered bloggers/show.html.erb within layouts/application (Duration: 0.8ms | Allocations: 112)
[Webpacker] Everything's up-to-date. Nothing to do
  Rendered bloggers/_header.html.erb (Duration: 0.1ms | Allocations: 41)
  Rendered layout layouts/application.html.erb (Duration: 44.6ms | Allocations: 3884)
Completed 200 OK in 53ms (Views: 47.0ms | ActiveRecord: 0.4ms | Allocations: 4881)


Started GET "/bloggers/2" for ::1 at 2021-03-03 12:02:50 +0300
Processing by BloggersController#show as HTML
  Parameters: {"id"=>"2"}
  [1m[36mBlogger Load (1.7ms)[0m  [1m[34mSELECT "bloggers".* FROM "bloggers" WHERE "bloggers"."id" = ? LIMIT ?[0m  [["id", 2], ["LIMIT", 1]]
  ↳ app/controllers/bloggers_controller.rb:62:in `set_blogger'
  Rendering layout layouts/application.html.erb
  Rendering bloggers/show.html.erb within layouts/application
  Rendered bloggers/show.html.erb within layouts/application (Duration: 0.3ms | Allocations: 112)
[Webpacker] Everything's up-to-date. Nothing to do
  Rendered bloggers/_header.html.erb (Duration: 0.1ms | Allocations: 41)
  Rendered layout layouts/application.html.erb (Duration: 51.9ms | Allocations: 9992)
Completed 200 OK in 66ms (Views: 53.4ms | ActiveRecord: 1.7ms | Allocations: 10990)


Started GET "/bloggers/2" for ::1 at 2021-03-03 12:02:50 +0300
Processing by BloggersController#show as HTML
  Parameters: {"id"=>"2"}
  [1m[36mBlogger Load (0.4ms)[0m  [1m[34mSELECT "bloggers".* FROM "bloggers" WHERE "bloggers"."id" = ? LIMIT ?[0m  [["id", 2], ["LIMIT", 1]]
  ↳ app/controllers/bloggers_controller.rb:62:in `set_blogger'
  Rendering layout layouts/application.html.erb
  Rendering bloggers/show.html.erb within layouts/application
  Rendered bloggers/show.html.erb within layouts/application (Duration: 0.4ms | Allocations: 112)
[Webpacker] Everything's up-to-date. Nothing to do
  Rendered bloggers/_header.html.erb (Duration: 0.1ms | Allocations: 41)
  Rendered layout layouts/application.html.erb (Duration: 42.9ms | Allocations: 4238)
Completed 200 OK in 52ms (Views: 45.5ms | ActiveRecord: 0.4ms | Allocations: 5235)


Started GET "/bloggers/2" for ::1 at 2021-03-03 12:02:51 +0300
Processing by BloggersController#show as HTML
  Parameters: {"id"=>"2"}
  [1m[36mBlogger Load (1.0ms)[0m  [1m[34mSELECT "bloggers".* FROM "bloggers" WHERE "bloggers"."id" = ? LIMIT ?[0m  [["id", 2], ["LIMIT", 1]]
  ↳ app/controllers/bloggers_controller.rb:62:in `set_blogger'
  Rendering layout layouts/application.html.erb
  Rendering bloggers/show.html.erb within layouts/application
  Rendered bloggers/show.html.erb within layouts/application (Duration: 0.5ms | Allocations: 112)
[Webpacker] Everything's up-to-date. Nothing to do
  Rendered bloggers/_header.html.erb (Duration: 0.1ms | Allocations: 41)
  Rendered layout layouts/application.html.erb (Duration: 43.4ms | Allocations: 3884)
Completed 200 OK in 53ms (Views: 45.1ms | ActiveRecord: 1.0ms | Allocations: 4881)


